Compiling the C compiler identification source file "CMakeCCompilerId.c" failed.
Compiler: /Applications/Xcode.app/Contents/Developer/Toolchains/XcodeDefault.xctoolchain/usr/bin/cc 
Build flags: 
Id flags:  

The output was:
1
ld: library not found for -lSystem
clang: error: linker command failed with exit code 1 (use -v to see invocation)


Compiling the CXX compiler identification source file "CMakeCXXCompilerId.cpp" failed.
Compiler: /Applications/Xcode.app/Contents/Developer/Toolchains/XcodeDefault.xctoolchain/usr/bin/c++ 
Build flags: 
Id flags:  

The output was:
1
ld: library not found for -lc++
clang: error: linker command failed with exit code 1 (use -v to see invocation)


Performing C SOURCE FILE Test HAVE_GCC_PREFERRED_STACK_BOUNDARY failed with the following output:
Change Dir: /Users/tedkleinbergman/Programming/DH2323-Computer-Graphics/cmake-build-debug/CMakeFiles/CMakeTmp

Run Build Command(s):/usr/bin/make cmTC_ab6e8/fast && /Applications/Xcode.app/Contents/Developer/usr/bin/make  -f CMakeFiles/cmTC_ab6e8.dir/build.make CMakeFiles/cmTC_ab6e8.dir/build
Building C object CMakeFiles/cmTC_ab6e8.dir/src.c.o
/Applications/Xcode.app/Contents/Developer/Toolchains/XcodeDefault.xctoolchain/usr/bin/cc   -idirafter "/Users/tedkleinbergman/Programming/DH2323-Computer-Graphics/libraries/SDL2-2.0.14/src/video/khronos" -DHAVE_GCC_PREFERRED_STACK_BOUNDARY -mpreferred-stack-boundary=2 -isysroot /Applications/Xcode.app/Contents/Developer/Platforms/MacOSX.platform/Developer/SDKs/MacOSX11.1.sdk   -o CMakeFiles/cmTC_ab6e8.dir/src.c.o   -c /Users/tedkleinbergman/Programming/DH2323-Computer-Graphics/cmake-build-debug/CMakeFiles/CMakeTmp/src.c
clang: error: unknown argument: '-mpreferred-stack-boundary=2'
make[1]: *** [CMakeFiles/cmTC_ab6e8.dir/src.c.o] Error 1
make: *** [cmTC_ab6e8/fast] Error 2


Source file was:
int x = 0; int main(int argc, char **argv) {}
Performing C SOURCE FILE Test HAVE_ALTIVEC_H_HDR failed with the following output:
Change Dir: /Users/tedkleinbergman/Programming/DH2323-Computer-Graphics/cmake-build-debug/CMakeFiles/CMakeTmp

Run Build Command(s):/usr/bin/make cmTC_e41fe/fast && /Applications/Xcode.app/Contents/Developer/usr/bin/make  -f CMakeFiles/cmTC_e41fe.dir/build.make CMakeFiles/cmTC_e41fe.dir/build
Building C object CMakeFiles/cmTC_e41fe.dir/src.c.o
/Applications/Xcode.app/Contents/Developer/Toolchains/XcodeDefault.xctoolchain/usr/bin/cc   -idirafter "/Users/tedkleinbergman/Programming/DH2323-Computer-Graphics/libraries/SDL2-2.0.14/src/video/khronos" -DHAVE_ALTIVEC_H_HDR -maltivec -isysroot /Applications/Xcode.app/Contents/Developer/Platforms/MacOSX.platform/Developer/SDKs/MacOSX11.1.sdk   -o CMakeFiles/cmTC_e41fe.dir/src.c.o   -c /Users/tedkleinbergman/Programming/DH2323-Computer-Graphics/cmake-build-debug/CMakeFiles/CMakeTmp/src.c
clang: warning: argument unused during compilation: '-maltivec' [-Wunused-command-line-argument]
In file included from /Users/tedkleinbergman/Programming/DH2323-Computer-Graphics/cmake-build-debug/CMakeFiles/CMakeTmp/src.c:2:
/Applications/Xcode.app/Contents/Developer/Toolchains/XcodeDefault.xctoolchain/usr/lib/clang/12.0.0/include/altivec.h:13:2: error: "AltiVec support not enabled"
#error "AltiVec support not enabled"
 ^
/Applications/Xcode.app/Contents/Developer/Toolchains/XcodeDefault.xctoolchain/usr/lib/clang/12.0.0/include/altivec.h:48:19: error: unknown type name 'vector'
static __inline__ vector signed char __ATTRS_o_ai vec_perm(
                  ^
/Applications/Xcode.app/Contents/Developer/Toolchains/XcodeDefault.xctoolchain/usr/lib/clang/12.0.0/include/altivec.h:49:5: error: unknown type name 'vector'
    vector signed char __a, vector signed char __b, vector unsigned char __c);
    ^
/Applications/Xcode.app/Contents/Developer/Toolchains/XcodeDefault.xctoolchain/usr/lib/clang/12.0.0/include/altivec.h:49:29: error: unknown type name 'vector'
    vector signed char __a, vector signed char __b, vector unsigned char __c);
                            ^
/Applications/Xcode.app/Contents/Developer/Toolchains/XcodeDefault.xctoolchain/usr/lib/clang/12.0.0/include/altivec.h:49:53: error: unknown type name 'vector'
    vector signed char __a, vector signed char __b, vector unsigned char __c);
                                                    ^
/Applications/Xcode.app/Contents/Developer/Toolchains/XcodeDefault.xctoolchain/usr/lib/clang/12.0.0/include/altivec.h:51:19: error: unknown type name 'vector'
static __inline__ vector unsigned char __ATTRS_o_ai
                  ^
/Applications/Xcode.app/Contents/Developer/Toolchains/XcodeDefault.xctoolchain/usr/lib/clang/12.0.0/include/altivec.h:52:10: error: unknown type name 'vector'
vec_perm(vector unsigned char __a, vector unsigned char __b,
         ^
/Applications/Xcode.app/Contents/Developer/Toolchains/XcodeDefault.xctoolchain/usr/lib/clang/12.0.0/include/altivec.h:52:36: error: unknown type name 'vector'
vec_perm(vector unsigned char __a, vector unsigned char __b,
                                   ^
/Applications/Xcode.app/Contents/Developer/Toolchains/XcodeDefault.xctoolchain/usr/lib/clang/12.0.0/include/altivec.h:53:10: error: unknown type name 'vector'
         vector unsigned char __c);
         ^
/Applications/Xcode.app/Contents/Developer/Toolchains/XcodeDefault.xctoolchain/usr/lib/clang/12.0.0/include/altivec.h:55:19: error: unknown type name 'vector'
static __inline__ vector bool char __ATTRS_o_ai
                  ^
/Applications/Xcode.app/Contents/Developer/Toolchains/XcodeDefault.xctoolchain/usr/lib/clang/12.0.0/include/altivec.h:55:8: error: 'inline' can only appear on functions
static __inline__ vector bool char __ATTRS_o_ai
       ^
/Applications/Xcode.app/Contents/Developer/Toolchains/XcodeDefault.xctoolchain/usr/lib/clang/12.0.0/include/altivec.h:55:30: error: expected ';' after top level declarator
static __inline__ vector bool char __ATTRS_o_ai
                             ^
/Applications/Xcode.app/Contents/Developer/Toolchains/XcodeDefault.xctoolchain/usr/lib/clang/12.0.0/include/altivec.h:56:10: error: unknown type name 'vector'
vec_perm(vector bool char __a, vector bool char __b, vector unsigned char __c);
         ^
/Applications/Xcode.app/Contents/Developer/Toolchains/XcodeDefault.xctoolchain/usr/lib/clang/12.0.0/include/altivec.h:56:22: error: expected ')'
vec_perm(vector bool char __a, vector bool char __b, vector unsigned char __c);
                     ^
/Applications/Xcode.app/Contents/Developer/Toolchains/XcodeDefault.xctoolchain/usr/lib/clang/12.0.0/include/altivec.h:56:9: note: to match this '('
vec_perm(vector bool char __a, vector bool char __b, vector unsigned char __c);
        ^
/Applications/Xcode.app/Contents/Developer/Toolchains/XcodeDefault.xctoolchain/usr/lib/clang/12.0.0/include/altivec.h:58:19: error: unknown type name 'vector'
static __inline__ vector short __ATTRS_o_ai vec_perm(vector signed short __a,
                  ^
/Applications/Xcode.app/Contents/Developer/Toolchains/XcodeDefault.xctoolchain/usr/lib/clang/12.0.0/include/altivec.h:58:54: error: unknown type name 'vector'
static __inline__ vector short __ATTRS_o_ai vec_perm(vector signed short __a,
                                                     ^
/Applications/Xcode.app/Contents/Developer/Toolchains/XcodeDefault.xctoolchain/usr/lib/clang/12.0.0/include/altivec.h:59:54: error: unknown type name 'vector'
                                                     vector signed short __b,
                                                     ^
/Applications/Xcode.app/Contents/Developer/Toolchains/XcodeDefault.xctoolchain/usr/lib/clang/12.0.0/include/altivec.h:60:54: error: unknown type name 'vector'
                                                     vector unsigned char __c);
                                                     ^
/Applications/Xcode.app/Contents/Developer/Toolchains/XcodeDefault.xctoolchain/usr/lib/clang/12.0.0/include/altivec.h:62:19: error: unknown type name 'vector'
static __inline__ vector unsigned short __ATTRS_o_ai
                  ^
fatal error: too many errors emitted, stopping now [-ferror-limit=]
20 errors generated.
make[1]: *** [CMakeFiles/cmTC_e41fe.dir/src.c.o] Error 1
make: *** [cmTC_e41fe/fast] Error 2


Source file was:

          #include <altivec.h>
          vector unsigned int vzero() {
              return vec_splat_u32(0);
          }
          int main(int argc, char **argv) { }
Performing C SOURCE FILE Test HAVE_ALTIVEC failed with the following output:
Change Dir: /Users/tedkleinbergman/Programming/DH2323-Computer-Graphics/cmake-build-debug/CMakeFiles/CMakeTmp

Run Build Command(s):/usr/bin/make cmTC_2a3a0/fast && /Applications/Xcode.app/Contents/Developer/usr/bin/make  -f CMakeFiles/cmTC_2a3a0.dir/build.make CMakeFiles/cmTC_2a3a0.dir/build
Building C object CMakeFiles/cmTC_2a3a0.dir/src.c.o
/Applications/Xcode.app/Contents/Developer/Toolchains/XcodeDefault.xctoolchain/usr/bin/cc   -idirafter "/Users/tedkleinbergman/Programming/DH2323-Computer-Graphics/libraries/SDL2-2.0.14/src/video/khronos" -DHAVE_ALTIVEC -maltivec -isysroot /Applications/Xcode.app/Contents/Developer/Platforms/MacOSX.platform/Developer/SDKs/MacOSX11.1.sdk   -o CMakeFiles/cmTC_2a3a0.dir/src.c.o   -c /Users/tedkleinbergman/Programming/DH2323-Computer-Graphics/cmake-build-debug/CMakeFiles/CMakeTmp/src.c
clang: warning: argument unused during compilation: '-maltivec' [-Wunused-command-line-argument]
/Users/tedkleinbergman/Programming/DH2323-Computer-Graphics/cmake-build-debug/CMakeFiles/CMakeTmp/src.c:2:11: error: unknown type name 'vector'
          vector unsigned int vzero() {
          ^
/Users/tedkleinbergman/Programming/DH2323-Computer-Graphics/cmake-build-debug/CMakeFiles/CMakeTmp/src.c:3:22: error: implicit declaration of function 'vec_splat_u32' is invalid in C99 [-Werror,-Wimplicit-function-declaration]
              return vec_splat_u32(0);
                     ^
2 errors generated.
make[1]: *** [CMakeFiles/cmTC_2a3a0.dir/src.c.o] Error 1
make: *** [cmTC_2a3a0/fast] Error 2


Source file was:

          vector unsigned int vzero() {
              return vec_splat_u32(0);
          }
          int main(int argc, char **argv) { }
Determining if the include file malloc.h exists failed with the following output:
Change Dir: /Users/tedkleinbergman/Programming/DH2323-Computer-Graphics/cmake-build-debug/CMakeFiles/CMakeTmp

Run Build Command(s):/usr/bin/make cmTC_0ee7e/fast && /Applications/Xcode.app/Contents/Developer/usr/bin/make  -f CMakeFiles/cmTC_0ee7e.dir/build.make CMakeFiles/cmTC_0ee7e.dir/build
Building C object CMakeFiles/cmTC_0ee7e.dir/CheckIncludeFile.c.o
/Applications/Xcode.app/Contents/Developer/Toolchains/XcodeDefault.xctoolchain/usr/bin/cc   -idirafter "/Users/tedkleinbergman/Programming/DH2323-Computer-Graphics/libraries/SDL2-2.0.14/src/video/khronos"  -isysroot /Applications/Xcode.app/Contents/Developer/Platforms/MacOSX.platform/Developer/SDKs/MacOSX11.1.sdk   -o CMakeFiles/cmTC_0ee7e.dir/CheckIncludeFile.c.o   -c /Users/tedkleinbergman/Programming/DH2323-Computer-Graphics/cmake-build-debug/CMakeFiles/CMakeTmp/CheckIncludeFile.c
/Users/tedkleinbergman/Programming/DH2323-Computer-Graphics/cmake-build-debug/CMakeFiles/CMakeTmp/CheckIncludeFile.c:1:10: fatal error: 'malloc.h' file not found
#include <malloc.h>
         ^~~~~~~~~~
1 error generated.
make[1]: *** [CMakeFiles/cmTC_0ee7e.dir/CheckIncludeFile.c.o] Error 1
make: *** [cmTC_0ee7e/fast] Error 2



Determining if the _strrev exist failed with the following output:
Change Dir: /Users/tedkleinbergman/Programming/DH2323-Computer-Graphics/cmake-build-debug/CMakeFiles/CMakeTmp

Run Build Command(s):/usr/bin/make cmTC_9544d/fast && /Applications/Xcode.app/Contents/Developer/usr/bin/make  -f CMakeFiles/cmTC_9544d.dir/build.make CMakeFiles/cmTC_9544d.dir/build
Building C object CMakeFiles/cmTC_9544d.dir/CheckSymbolExists.c.o
/Applications/Xcode.app/Contents/Developer/Toolchains/XcodeDefault.xctoolchain/usr/bin/cc   -idirafter "/Users/tedkleinbergman/Programming/DH2323-Computer-Graphics/libraries/SDL2-2.0.14/src/video/khronos"  -isysroot /Applications/Xcode.app/Contents/Developer/Platforms/MacOSX.platform/Developer/SDKs/MacOSX11.1.sdk   -o CMakeFiles/cmTC_9544d.dir/CheckSymbolExists.c.o   -c /Users/tedkleinbergman/Programming/DH2323-Computer-Graphics/cmake-build-debug/CMakeFiles/CMakeTmp/CheckSymbolExists.c
/Users/tedkleinbergman/Programming/DH2323-Computer-Graphics/cmake-build-debug/CMakeFiles/CMakeTmp/CheckSymbolExists.c:14:19: error: use of undeclared identifier '_strrev'
  return ((int*)(&_strrev))[argc];
                  ^
1 error generated.
make[1]: *** [CMakeFiles/cmTC_9544d.dir/CheckSymbolExists.c.o] Error 1
make: *** [cmTC_9544d/fast] Error 2


File /Users/tedkleinbergman/Programming/DH2323-Computer-Graphics/cmake-build-debug/CMakeFiles/CMakeTmp/CheckSymbolExists.c:
/* */
#include <stddef.h>
#include <stdarg.h>
#include <stdlib.h>
#include <string.h>
#include <stdio.h>
#include <wchar.h>
#include <float.h>

int main(int argc, char** argv)
{
  (void)argv;
#ifndef _strrev
  return ((int*)(&_strrev))[argc];
#else
  (void)argc;
  return 0;
#endif
}
Determining if the _strupr exist failed with the following output:
Change Dir: /Users/tedkleinbergman/Programming/DH2323-Computer-Graphics/cmake-build-debug/CMakeFiles/CMakeTmp

Run Build Command(s):/usr/bin/make cmTC_f0b40/fast && /Applications/Xcode.app/Contents/Developer/usr/bin/make  -f CMakeFiles/cmTC_f0b40.dir/build.make CMakeFiles/cmTC_f0b40.dir/build
Building C object CMakeFiles/cmTC_f0b40.dir/CheckSymbolExists.c.o
/Applications/Xcode.app/Contents/Developer/Toolchains/XcodeDefault.xctoolchain/usr/bin/cc   -idirafter "/Users/tedkleinbergman/Programming/DH2323-Computer-Graphics/libraries/SDL2-2.0.14/src/video/khronos"  -isysroot /Applications/Xcode.app/Contents/Developer/Platforms/MacOSX.platform/Developer/SDKs/MacOSX11.1.sdk   -o CMakeFiles/cmTC_f0b40.dir/CheckSymbolExists.c.o   -c /Users/tedkleinbergman/Programming/DH2323-Computer-Graphics/cmake-build-debug/CMakeFiles/CMakeTmp/CheckSymbolExists.c
/Users/tedkleinbergman/Programming/DH2323-Computer-Graphics/cmake-build-debug/CMakeFiles/CMakeTmp/CheckSymbolExists.c:14:19: error: use of undeclared identifier '_strupr'
  return ((int*)(&_strupr))[argc];
                  ^
1 error generated.
make[1]: *** [CMakeFiles/cmTC_f0b40.dir/CheckSymbolExists.c.o] Error 1
make: *** [cmTC_f0b40/fast] Error 2


File /Users/tedkleinbergman/Programming/DH2323-Computer-Graphics/cmake-build-debug/CMakeFiles/CMakeTmp/CheckSymbolExists.c:
/* */
#include <stddef.h>
#include <stdarg.h>
#include <stdlib.h>
#include <string.h>
#include <stdio.h>
#include <wchar.h>
#include <float.h>

int main(int argc, char** argv)
{
  (void)argv;
#ifndef _strupr
  return ((int*)(&_strupr))[argc];
#else
  (void)argc;
  return 0;
#endif
}
Determining if the _strlwr exist failed with the following output:
Change Dir: /Users/tedkleinbergman/Programming/DH2323-Computer-Graphics/cmake-build-debug/CMakeFiles/CMakeTmp

Run Build Command(s):/usr/bin/make cmTC_20a42/fast && /Applications/Xcode.app/Contents/Developer/usr/bin/make  -f CMakeFiles/cmTC_20a42.dir/build.make CMakeFiles/cmTC_20a42.dir/build
Building C object CMakeFiles/cmTC_20a42.dir/CheckSymbolExists.c.o
/Applications/Xcode.app/Contents/Developer/Toolchains/XcodeDefault.xctoolchain/usr/bin/cc   -idirafter "/Users/tedkleinbergman/Programming/DH2323-Computer-Graphics/libraries/SDL2-2.0.14/src/video/khronos"  -isysroot /Applications/Xcode.app/Contents/Developer/Platforms/MacOSX.platform/Developer/SDKs/MacOSX11.1.sdk   -o CMakeFiles/cmTC_20a42.dir/CheckSymbolExists.c.o   -c /Users/tedkleinbergman/Programming/DH2323-Computer-Graphics/cmake-build-debug/CMakeFiles/CMakeTmp/CheckSymbolExists.c
/Users/tedkleinbergman/Programming/DH2323-Computer-Graphics/cmake-build-debug/CMakeFiles/CMakeTmp/CheckSymbolExists.c:14:19: error: use of undeclared identifier '_strlwr'
  return ((int*)(&_strlwr))[argc];
                  ^
1 error generated.
make[1]: *** [CMakeFiles/cmTC_20a42.dir/CheckSymbolExists.c.o] Error 1
make: *** [cmTC_20a42/fast] Error 2


File /Users/tedkleinbergman/Programming/DH2323-Computer-Graphics/cmake-build-debug/CMakeFiles/CMakeTmp/CheckSymbolExists.c:
/* */
#include <stddef.h>
#include <stdarg.h>
#include <stdlib.h>
#include <string.h>
#include <stdio.h>
#include <wchar.h>
#include <float.h>

int main(int argc, char** argv)
{
  (void)argv;
#ifndef _strlwr
  return ((int*)(&_strlwr))[argc];
#else
  (void)argc;
  return 0;
#endif
}
Determining if the itoa exist failed with the following output:
Change Dir: /Users/tedkleinbergman/Programming/DH2323-Computer-Graphics/cmake-build-debug/CMakeFiles/CMakeTmp

Run Build Command(s):/usr/bin/make cmTC_67a85/fast && /Applications/Xcode.app/Contents/Developer/usr/bin/make  -f CMakeFiles/cmTC_67a85.dir/build.make CMakeFiles/cmTC_67a85.dir/build
Building C object CMakeFiles/cmTC_67a85.dir/CheckSymbolExists.c.o
/Applications/Xcode.app/Contents/Developer/Toolchains/XcodeDefault.xctoolchain/usr/bin/cc   -idirafter "/Users/tedkleinbergman/Programming/DH2323-Computer-Graphics/libraries/SDL2-2.0.14/src/video/khronos"  -isysroot /Applications/Xcode.app/Contents/Developer/Platforms/MacOSX.platform/Developer/SDKs/MacOSX11.1.sdk   -o CMakeFiles/cmTC_67a85.dir/CheckSymbolExists.c.o   -c /Users/tedkleinbergman/Programming/DH2323-Computer-Graphics/cmake-build-debug/CMakeFiles/CMakeTmp/CheckSymbolExists.c
/Users/tedkleinbergman/Programming/DH2323-Computer-Graphics/cmake-build-debug/CMakeFiles/CMakeTmp/CheckSymbolExists.c:14:19: error: use of undeclared identifier 'itoa'
  return ((int*)(&itoa))[argc];
                  ^
1 error generated.
make[1]: *** [CMakeFiles/cmTC_67a85.dir/CheckSymbolExists.c.o] Error 1
make: *** [cmTC_67a85/fast] Error 2


File /Users/tedkleinbergman/Programming/DH2323-Computer-Graphics/cmake-build-debug/CMakeFiles/CMakeTmp/CheckSymbolExists.c:
/* */
#include <stddef.h>
#include <stdarg.h>
#include <stdlib.h>
#include <string.h>
#include <stdio.h>
#include <wchar.h>
#include <float.h>

int main(int argc, char** argv)
{
  (void)argv;
#ifndef itoa
  return ((int*)(&itoa))[argc];
#else
  (void)argc;
  return 0;
#endif
}
Determining if the _ltoa exist failed with the following output:
Change Dir: /Users/tedkleinbergman/Programming/DH2323-Computer-Graphics/cmake-build-debug/CMakeFiles/CMakeTmp

Run Build Command(s):/usr/bin/make cmTC_8c3b6/fast && /Applications/Xcode.app/Contents/Developer/usr/bin/make  -f CMakeFiles/cmTC_8c3b6.dir/build.make CMakeFiles/cmTC_8c3b6.dir/build
Building C object CMakeFiles/cmTC_8c3b6.dir/CheckSymbolExists.c.o
/Applications/Xcode.app/Contents/Developer/Toolchains/XcodeDefault.xctoolchain/usr/bin/cc   -idirafter "/Users/tedkleinbergman/Programming/DH2323-Computer-Graphics/libraries/SDL2-2.0.14/src/video/khronos"  -isysroot /Applications/Xcode.app/Contents/Developer/Platforms/MacOSX.platform/Developer/SDKs/MacOSX11.1.sdk   -o CMakeFiles/cmTC_8c3b6.dir/CheckSymbolExists.c.o   -c /Users/tedkleinbergman/Programming/DH2323-Computer-Graphics/cmake-build-debug/CMakeFiles/CMakeTmp/CheckSymbolExists.c
/Users/tedkleinbergman/Programming/DH2323-Computer-Graphics/cmake-build-debug/CMakeFiles/CMakeTmp/CheckSymbolExists.c:14:19: error: use of undeclared identifier '_ltoa'
  return ((int*)(&_ltoa))[argc];
                  ^
1 error generated.
make[1]: *** [CMakeFiles/cmTC_8c3b6.dir/CheckSymbolExists.c.o] Error 1
make: *** [cmTC_8c3b6/fast] Error 2


File /Users/tedkleinbergman/Programming/DH2323-Computer-Graphics/cmake-build-debug/CMakeFiles/CMakeTmp/CheckSymbolExists.c:
/* */
#include <stddef.h>
#include <stdarg.h>
#include <stdlib.h>
#include <string.h>
#include <stdio.h>
#include <wchar.h>
#include <float.h>

int main(int argc, char** argv)
{
  (void)argv;
#ifndef _ltoa
  return ((int*)(&_ltoa))[argc];
#else
  (void)argc;
  return 0;
#endif
}
Determining if the _uitoa exist failed with the following output:
Change Dir: /Users/tedkleinbergman/Programming/DH2323-Computer-Graphics/cmake-build-debug/CMakeFiles/CMakeTmp

Run Build Command(s):/usr/bin/make cmTC_704a4/fast && /Applications/Xcode.app/Contents/Developer/usr/bin/make  -f CMakeFiles/cmTC_704a4.dir/build.make CMakeFiles/cmTC_704a4.dir/build
Building C object CMakeFiles/cmTC_704a4.dir/CheckSymbolExists.c.o
/Applications/Xcode.app/Contents/Developer/Toolchains/XcodeDefault.xctoolchain/usr/bin/cc   -idirafter "/Users/tedkleinbergman/Programming/DH2323-Computer-Graphics/libraries/SDL2-2.0.14/src/video/khronos"  -isysroot /Applications/Xcode.app/Contents/Developer/Platforms/MacOSX.platform/Developer/SDKs/MacOSX11.1.sdk   -o CMakeFiles/cmTC_704a4.dir/CheckSymbolExists.c.o   -c /Users/tedkleinbergman/Programming/DH2323-Computer-Graphics/cmake-build-debug/CMakeFiles/CMakeTmp/CheckSymbolExists.c
/Users/tedkleinbergman/Programming/DH2323-Computer-Graphics/cmake-build-debug/CMakeFiles/CMakeTmp/CheckSymbolExists.c:14:19: error: use of undeclared identifier '_uitoa'
  return ((int*)(&_uitoa))[argc];
                  ^
1 error generated.
make[1]: *** [CMakeFiles/cmTC_704a4.dir/CheckSymbolExists.c.o] Error 1
make: *** [cmTC_704a4/fast] Error 2


File /Users/tedkleinbergman/Programming/DH2323-Computer-Graphics/cmake-build-debug/CMakeFiles/CMakeTmp/CheckSymbolExists.c:
/* */
#include <stddef.h>
#include <stdarg.h>
#include <stdlib.h>
#include <string.h>
#include <stdio.h>
#include <wchar.h>
#include <float.h>

int main(int argc, char** argv)
{
  (void)argv;
#ifndef _uitoa
  return ((int*)(&_uitoa))[argc];
#else
  (void)argc;
  return 0;
#endif
}
Determining if the _ultoa exist failed with the following output:
Change Dir: /Users/tedkleinbergman/Programming/DH2323-Computer-Graphics/cmake-build-debug/CMakeFiles/CMakeTmp

Run Build Command(s):/usr/bin/make cmTC_f2afe/fast && /Applications/Xcode.app/Contents/Developer/usr/bin/make  -f CMakeFiles/cmTC_f2afe.dir/build.make CMakeFiles/cmTC_f2afe.dir/build
Building C object CMakeFiles/cmTC_f2afe.dir/CheckSymbolExists.c.o
/Applications/Xcode.app/Contents/Developer/Toolchains/XcodeDefault.xctoolchain/usr/bin/cc   -idirafter "/Users/tedkleinbergman/Programming/DH2323-Computer-Graphics/libraries/SDL2-2.0.14/src/video/khronos"  -isysroot /Applications/Xcode.app/Contents/Developer/Platforms/MacOSX.platform/Developer/SDKs/MacOSX11.1.sdk   -o CMakeFiles/cmTC_f2afe.dir/CheckSymbolExists.c.o   -c /Users/tedkleinbergman/Programming/DH2323-Computer-Graphics/cmake-build-debug/CMakeFiles/CMakeTmp/CheckSymbolExists.c
/Users/tedkleinbergman/Programming/DH2323-Computer-Graphics/cmake-build-debug/CMakeFiles/CMakeTmp/CheckSymbolExists.c:14:19: error: use of undeclared identifier '_ultoa'
  return ((int*)(&_ultoa))[argc];
                  ^
1 error generated.
make[1]: *** [CMakeFiles/cmTC_f2afe.dir/CheckSymbolExists.c.o] Error 1
make: *** [cmTC_f2afe/fast] Error 2


File /Users/tedkleinbergman/Programming/DH2323-Computer-Graphics/cmake-build-debug/CMakeFiles/CMakeTmp/CheckSymbolExists.c:
/* */
#include <stddef.h>
#include <stdarg.h>
#include <stdlib.h>
#include <string.h>
#include <stdio.h>
#include <wchar.h>
#include <float.h>

int main(int argc, char** argv)
{
  (void)argv;
#ifndef _ultoa
  return ((int*)(&_ultoa))[argc];
#else
  (void)argc;
  return 0;
#endif
}
Determining if the _i64toa exist failed with the following output:
Change Dir: /Users/tedkleinbergman/Programming/DH2323-Computer-Graphics/cmake-build-debug/CMakeFiles/CMakeTmp

Run Build Command(s):/usr/bin/make cmTC_3027e/fast && /Applications/Xcode.app/Contents/Developer/usr/bin/make  -f CMakeFiles/cmTC_3027e.dir/build.make CMakeFiles/cmTC_3027e.dir/build
Building C object CMakeFiles/cmTC_3027e.dir/CheckSymbolExists.c.o
/Applications/Xcode.app/Contents/Developer/Toolchains/XcodeDefault.xctoolchain/usr/bin/cc   -idirafter "/Users/tedkleinbergman/Programming/DH2323-Computer-Graphics/libraries/SDL2-2.0.14/src/video/khronos"  -isysroot /Applications/Xcode.app/Contents/Developer/Platforms/MacOSX.platform/Developer/SDKs/MacOSX11.1.sdk   -o CMakeFiles/cmTC_3027e.dir/CheckSymbolExists.c.o   -c /Users/tedkleinbergman/Programming/DH2323-Computer-Graphics/cmake-build-debug/CMakeFiles/CMakeTmp/CheckSymbolExists.c
/Users/tedkleinbergman/Programming/DH2323-Computer-Graphics/cmake-build-debug/CMakeFiles/CMakeTmp/CheckSymbolExists.c:14:19: error: use of undeclared identifier '_i64toa'
  return ((int*)(&_i64toa))[argc];
                  ^
1 error generated.
make[1]: *** [CMakeFiles/cmTC_3027e.dir/CheckSymbolExists.c.o] Error 1
make: *** [cmTC_3027e/fast] Error 2


File /Users/tedkleinbergman/Programming/DH2323-Computer-Graphics/cmake-build-debug/CMakeFiles/CMakeTmp/CheckSymbolExists.c:
/* */
#include <stddef.h>
#include <stdarg.h>
#include <stdlib.h>
#include <string.h>
#include <stdio.h>
#include <wchar.h>
#include <float.h>

int main(int argc, char** argv)
{
  (void)argv;
#ifndef _i64toa
  return ((int*)(&_i64toa))[argc];
#else
  (void)argc;
  return 0;
#endif
}
Determining if the _ui64toa exist failed with the following output:
Change Dir: /Users/tedkleinbergman/Programming/DH2323-Computer-Graphics/cmake-build-debug/CMakeFiles/CMakeTmp

Run Build Command(s):/usr/bin/make cmTC_450de/fast && /Applications/Xcode.app/Contents/Developer/usr/bin/make  -f CMakeFiles/cmTC_450de.dir/build.make CMakeFiles/cmTC_450de.dir/build
Building C object CMakeFiles/cmTC_450de.dir/CheckSymbolExists.c.o
/Applications/Xcode.app/Contents/Developer/Toolchains/XcodeDefault.xctoolchain/usr/bin/cc   -idirafter "/Users/tedkleinbergman/Programming/DH2323-Computer-Graphics/libraries/SDL2-2.0.14/src/video/khronos"  -isysroot /Applications/Xcode.app/Contents/Developer/Platforms/MacOSX.platform/Developer/SDKs/MacOSX11.1.sdk   -o CMakeFiles/cmTC_450de.dir/CheckSymbolExists.c.o   -c /Users/tedkleinbergman/Programming/DH2323-Computer-Graphics/cmake-build-debug/CMakeFiles/CMakeTmp/CheckSymbolExists.c
/Users/tedkleinbergman/Programming/DH2323-Computer-Graphics/cmake-build-debug/CMakeFiles/CMakeTmp/CheckSymbolExists.c:14:19: error: use of undeclared identifier '_ui64toa'
  return ((int*)(&_ui64toa))[argc];
                  ^
1 error generated.
make[1]: *** [CMakeFiles/cmTC_450de.dir/CheckSymbolExists.c.o] Error 1
make: *** [cmTC_450de/fast] Error 2


File /Users/tedkleinbergman/Programming/DH2323-Computer-Graphics/cmake-build-debug/CMakeFiles/CMakeTmp/CheckSymbolExists.c:
/* */
#include <stddef.h>
#include <stdarg.h>
#include <stdlib.h>
#include <string.h>
#include <stdio.h>
#include <wchar.h>
#include <float.h>

int main(int argc, char** argv)
{
  (void)argv;
#ifndef _ui64toa
  return ((int*)(&_ui64toa))[argc];
#else
  (void)argc;
  return 0;
#endif
}
Determining if the _stricmp exist failed with the following output:
Change Dir: /Users/tedkleinbergman/Programming/DH2323-Computer-Graphics/cmake-build-debug/CMakeFiles/CMakeTmp

Run Build Command(s):/usr/bin/make cmTC_27c71/fast && /Applications/Xcode.app/Contents/Developer/usr/bin/make  -f CMakeFiles/cmTC_27c71.dir/build.make CMakeFiles/cmTC_27c71.dir/build
Building C object CMakeFiles/cmTC_27c71.dir/CheckSymbolExists.c.o
/Applications/Xcode.app/Contents/Developer/Toolchains/XcodeDefault.xctoolchain/usr/bin/cc   -idirafter "/Users/tedkleinbergman/Programming/DH2323-Computer-Graphics/libraries/SDL2-2.0.14/src/video/khronos"  -isysroot /Applications/Xcode.app/Contents/Developer/Platforms/MacOSX.platform/Developer/SDKs/MacOSX11.1.sdk   -o CMakeFiles/cmTC_27c71.dir/CheckSymbolExists.c.o   -c /Users/tedkleinbergman/Programming/DH2323-Computer-Graphics/cmake-build-debug/CMakeFiles/CMakeTmp/CheckSymbolExists.c
/Users/tedkleinbergman/Programming/DH2323-Computer-Graphics/cmake-build-debug/CMakeFiles/CMakeTmp/CheckSymbolExists.c:14:19: error: use of undeclared identifier '_stricmp'
  return ((int*)(&_stricmp))[argc];
                  ^
1 error generated.
make[1]: *** [CMakeFiles/cmTC_27c71.dir/CheckSymbolExists.c.o] Error 1
make: *** [cmTC_27c71/fast] Error 2


File /Users/tedkleinbergman/Programming/DH2323-Computer-Graphics/cmake-build-debug/CMakeFiles/CMakeTmp/CheckSymbolExists.c:
/* */
#include <stddef.h>
#include <stdarg.h>
#include <stdlib.h>
#include <string.h>
#include <stdio.h>
#include <wchar.h>
#include <float.h>

int main(int argc, char** argv)
{
  (void)argv;
#ifndef _stricmp
  return ((int*)(&_stricmp))[argc];
#else
  (void)argc;
  return 0;
#endif
}
Determining if the _strnicmp exist failed with the following output:
Change Dir: /Users/tedkleinbergman/Programming/DH2323-Computer-Graphics/cmake-build-debug/CMakeFiles/CMakeTmp

Run Build Command(s):/usr/bin/make cmTC_3ad97/fast && /Applications/Xcode.app/Contents/Developer/usr/bin/make  -f CMakeFiles/cmTC_3ad97.dir/build.make CMakeFiles/cmTC_3ad97.dir/build
Building C object CMakeFiles/cmTC_3ad97.dir/CheckSymbolExists.c.o
/Applications/Xcode.app/Contents/Developer/Toolchains/XcodeDefault.xctoolchain/usr/bin/cc   -idirafter "/Users/tedkleinbergman/Programming/DH2323-Computer-Graphics/libraries/SDL2-2.0.14/src/video/khronos"  -isysroot /Applications/Xcode.app/Contents/Developer/Platforms/MacOSX.platform/Developer/SDKs/MacOSX11.1.sdk   -o CMakeFiles/cmTC_3ad97.dir/CheckSymbolExists.c.o   -c /Users/tedkleinbergman/Programming/DH2323-Computer-Graphics/cmake-build-debug/CMakeFiles/CMakeTmp/CheckSymbolExists.c
/Users/tedkleinbergman/Programming/DH2323-Computer-Graphics/cmake-build-debug/CMakeFiles/CMakeTmp/CheckSymbolExists.c:14:19: error: use of undeclared identifier '_strnicmp'; did you mean 'strncmp'?
  return ((int*)(&_strnicmp))[argc];
                  ^~~~~~~~~
                  strncmp
/Applications/Xcode.app/Contents/Developer/Platforms/MacOSX.platform/Developer/SDKs/MacOSX11.1.sdk/usr/include/string.h:84:6: note: 'strncmp' declared here
int      strncmp(const char *__s1, const char *__s2, size_t __n);
         ^
1 error generated.
make[1]: *** [CMakeFiles/cmTC_3ad97.dir/CheckSymbolExists.c.o] Error 1
make: *** [cmTC_3ad97/fast] Error 2


File /Users/tedkleinbergman/Programming/DH2323-Computer-Graphics/cmake-build-debug/CMakeFiles/CMakeTmp/CheckSymbolExists.c:
/* */
#include <stddef.h>
#include <stdarg.h>
#include <stdlib.h>
#include <string.h>
#include <stdio.h>
#include <wchar.h>
#include <float.h>

int main(int argc, char** argv)
{
  (void)argv;
#ifndef _strnicmp
  return ((int*)(&_strnicmp))[argc];
#else
  (void)argc;
  return 0;
#endif
}
Determining if the _wcsicmp exist failed with the following output:
Change Dir: /Users/tedkleinbergman/Programming/DH2323-Computer-Graphics/cmake-build-debug/CMakeFiles/CMakeTmp

Run Build Command(s):/usr/bin/make cmTC_d5760/fast && /Applications/Xcode.app/Contents/Developer/usr/bin/make  -f CMakeFiles/cmTC_d5760.dir/build.make CMakeFiles/cmTC_d5760.dir/build
Building C object CMakeFiles/cmTC_d5760.dir/CheckSymbolExists.c.o
/Applications/Xcode.app/Contents/Developer/Toolchains/XcodeDefault.xctoolchain/usr/bin/cc   -idirafter "/Users/tedkleinbergman/Programming/DH2323-Computer-Graphics/libraries/SDL2-2.0.14/src/video/khronos"  -isysroot /Applications/Xcode.app/Contents/Developer/Platforms/MacOSX.platform/Developer/SDKs/MacOSX11.1.sdk   -o CMakeFiles/cmTC_d5760.dir/CheckSymbolExists.c.o   -c /Users/tedkleinbergman/Programming/DH2323-Computer-Graphics/cmake-build-debug/CMakeFiles/CMakeTmp/CheckSymbolExists.c
/Users/tedkleinbergman/Programming/DH2323-Computer-Graphics/cmake-build-debug/CMakeFiles/CMakeTmp/CheckSymbolExists.c:14:19: error: use of undeclared identifier '_wcsicmp'
  return ((int*)(&_wcsicmp))[argc];
                  ^
1 error generated.
make[1]: *** [CMakeFiles/cmTC_d5760.dir/CheckSymbolExists.c.o] Error 1
make: *** [cmTC_d5760/fast] Error 2


File /Users/tedkleinbergman/Programming/DH2323-Computer-Graphics/cmake-build-debug/CMakeFiles/CMakeTmp/CheckSymbolExists.c:
/* */
#include <stddef.h>
#include <stdarg.h>
#include <stdlib.h>
#include <string.h>
#include <stdio.h>
#include <wchar.h>
#include <float.h>

int main(int argc, char** argv)
{
  (void)argv;
#ifndef _wcsicmp
  return ((int*)(&_wcsicmp))[argc];
#else
  (void)argc;
  return 0;
#endif
}
Determining if the _wcsnicmp exist failed with the following output:
Change Dir: /Users/tedkleinbergman/Programming/DH2323-Computer-Graphics/cmake-build-debug/CMakeFiles/CMakeTmp

Run Build Command(s):/usr/bin/make cmTC_e709e/fast && /Applications/Xcode.app/Contents/Developer/usr/bin/make  -f CMakeFiles/cmTC_e709e.dir/build.make CMakeFiles/cmTC_e709e.dir/build
Building C object CMakeFiles/cmTC_e709e.dir/CheckSymbolExists.c.o
/Applications/Xcode.app/Contents/Developer/Toolchains/XcodeDefault.xctoolchain/usr/bin/cc   -idirafter "/Users/tedkleinbergman/Programming/DH2323-Computer-Graphics/libraries/SDL2-2.0.14/src/video/khronos"  -isysroot /Applications/Xcode.app/Contents/Developer/Platforms/MacOSX.platform/Developer/SDKs/MacOSX11.1.sdk   -o CMakeFiles/cmTC_e709e.dir/CheckSymbolExists.c.o   -c /Users/tedkleinbergman/Programming/DH2323-Computer-Graphics/cmake-build-debug/CMakeFiles/CMakeTmp/CheckSymbolExists.c
/Users/tedkleinbergman/Programming/DH2323-Computer-Graphics/cmake-build-debug/CMakeFiles/CMakeTmp/CheckSymbolExists.c:14:19: error: use of undeclared identifier '_wcsnicmp'; did you mean 'wcsncmp'?
  return ((int*)(&_wcsnicmp))[argc];
                  ^~~~~~~~~
                  wcsncmp
/Applications/Xcode.app/Contents/Developer/Platforms/MacOSX.platform/Developer/SDKs/MacOSX11.1.sdk/usr/include/wchar.h:134:5: note: 'wcsncmp' declared here
int     wcsncmp(const wchar_t *, const wchar_t *, size_t);
        ^
1 error generated.
make[1]: *** [CMakeFiles/cmTC_e709e.dir/CheckSymbolExists.c.o] Error 1
make: *** [cmTC_e709e/fast] Error 2


File /Users/tedkleinbergman/Programming/DH2323-Computer-Graphics/cmake-build-debug/CMakeFiles/CMakeTmp/CheckSymbolExists.c:
/* */
#include <stddef.h>
#include <stdarg.h>
#include <stdlib.h>
#include <string.h>
#include <stdio.h>
#include <wchar.h>
#include <float.h>

int main(int argc, char** argv)
{
  (void)argv;
#ifndef _wcsnicmp
  return ((int*)(&_wcsnicmp))[argc];
#else
  (void)argc;
  return 0;
#endif
}
Determining if the fopen64 exist failed with the following output:
Change Dir: /Users/tedkleinbergman/Programming/DH2323-Computer-Graphics/cmake-build-debug/CMakeFiles/CMakeTmp

Run Build Command(s):/usr/bin/make cmTC_f9f73/fast && /Applications/Xcode.app/Contents/Developer/usr/bin/make  -f CMakeFiles/cmTC_f9f73.dir/build.make CMakeFiles/cmTC_f9f73.dir/build
Building C object CMakeFiles/cmTC_f9f73.dir/CheckSymbolExists.c.o
/Applications/Xcode.app/Contents/Developer/Toolchains/XcodeDefault.xctoolchain/usr/bin/cc   -idirafter "/Users/tedkleinbergman/Programming/DH2323-Computer-Graphics/libraries/SDL2-2.0.14/src/video/khronos"  -isysroot /Applications/Xcode.app/Contents/Developer/Platforms/MacOSX.platform/Developer/SDKs/MacOSX11.1.sdk   -o CMakeFiles/cmTC_f9f73.dir/CheckSymbolExists.c.o   -c /Users/tedkleinbergman/Programming/DH2323-Computer-Graphics/cmake-build-debug/CMakeFiles/CMakeTmp/CheckSymbolExists.c
/Users/tedkleinbergman/Programming/DH2323-Computer-Graphics/cmake-build-debug/CMakeFiles/CMakeTmp/CheckSymbolExists.c:14:19: error: use of undeclared identifier 'fopen64'; did you mean 'fopen'?
  return ((int*)(&fopen64))[argc];
                  ^~~~~~~
                  fopen
/Applications/Xcode.app/Contents/Developer/Platforms/MacOSX.platform/Developer/SDKs/MacOSX11.1.sdk/usr/include/stdio.h:153:7: note: 'fopen' declared here
FILE    *fopen(const char * __restrict __filename, const char * __restrict __mode) __DARWIN_ALIAS_STARTING(__MAC_10_6, __IPHONE_2_0, __DARWIN_ALIAS(fopen));
         ^
1 error generated.
make[1]: *** [CMakeFiles/cmTC_f9f73.dir/CheckSymbolExists.c.o] Error 1
make: *** [cmTC_f9f73/fast] Error 2


File /Users/tedkleinbergman/Programming/DH2323-Computer-Graphics/cmake-build-debug/CMakeFiles/CMakeTmp/CheckSymbolExists.c:
/* */
#include <stddef.h>
#include <stdarg.h>
#include <stdlib.h>
#include <string.h>
#include <stdio.h>
#include <wchar.h>
#include <float.h>

int main(int argc, char** argv)
{
  (void)argv;
#ifndef fopen64
  return ((int*)(&fopen64))[argc];
#else
  (void)argc;
  return 0;
#endif
}
Determining if the fseeko64 exist failed with the following output:
Change Dir: /Users/tedkleinbergman/Programming/DH2323-Computer-Graphics/cmake-build-debug/CMakeFiles/CMakeTmp

Run Build Command(s):/usr/bin/make cmTC_af1ed/fast && /Applications/Xcode.app/Contents/Developer/usr/bin/make  -f CMakeFiles/cmTC_af1ed.dir/build.make CMakeFiles/cmTC_af1ed.dir/build
Building C object CMakeFiles/cmTC_af1ed.dir/CheckSymbolExists.c.o
/Applications/Xcode.app/Contents/Developer/Toolchains/XcodeDefault.xctoolchain/usr/bin/cc   -idirafter "/Users/tedkleinbergman/Programming/DH2323-Computer-Graphics/libraries/SDL2-2.0.14/src/video/khronos"  -isysroot /Applications/Xcode.app/Contents/Developer/Platforms/MacOSX.platform/Developer/SDKs/MacOSX11.1.sdk   -o CMakeFiles/cmTC_af1ed.dir/CheckSymbolExists.c.o   -c /Users/tedkleinbergman/Programming/DH2323-Computer-Graphics/cmake-build-debug/CMakeFiles/CMakeTmp/CheckSymbolExists.c
/Users/tedkleinbergman/Programming/DH2323-Computer-Graphics/cmake-build-debug/CMakeFiles/CMakeTmp/CheckSymbolExists.c:14:19: error: use of undeclared identifier 'fseeko64'; did you mean 'fseeko'?
  return ((int*)(&fseeko64))[argc];
                  ^~~~~~~~
                  fseeko
/Applications/Xcode.app/Contents/Developer/Platforms/MacOSX.platform/Developer/SDKs/MacOSX11.1.sdk/usr/include/stdio.h:327:6: note: 'fseeko' declared here
int      fseeko(FILE * __stream, off_t __offset, int __whence);
         ^
1 error generated.
make[1]: *** [CMakeFiles/cmTC_af1ed.dir/CheckSymbolExists.c.o] Error 1
make: *** [cmTC_af1ed/fast] Error 2


File /Users/tedkleinbergman/Programming/DH2323-Computer-Graphics/cmake-build-debug/CMakeFiles/CMakeTmp/CheckSymbolExists.c:
/* */
#include <stddef.h>
#include <stdarg.h>
#include <stdlib.h>
#include <string.h>
#include <stdio.h>
#include <wchar.h>
#include <float.h>

int main(int argc, char** argv)
{
  (void)argv;
#ifndef fseeko64
  return ((int*)(&fseeko64))[argc];
#else
  (void)argc;
  return 0;
#endif
}
Determining if the getauxval exist failed with the following output:
Change Dir: /Users/tedkleinbergman/Programming/DH2323-Computer-Graphics/cmake-build-debug/CMakeFiles/CMakeTmp

Run Build Command(s):/usr/bin/make cmTC_10bc4/fast && /Applications/Xcode.app/Contents/Developer/usr/bin/make  -f CMakeFiles/cmTC_10bc4.dir/build.make CMakeFiles/cmTC_10bc4.dir/build
Building C object CMakeFiles/cmTC_10bc4.dir/CheckSymbolExists.c.o
/Applications/Xcode.app/Contents/Developer/Toolchains/XcodeDefault.xctoolchain/usr/bin/cc   -idirafter "/Users/tedkleinbergman/Programming/DH2323-Computer-Graphics/libraries/SDL2-2.0.14/src/video/khronos"  -isysroot /Applications/Xcode.app/Contents/Developer/Platforms/MacOSX.platform/Developer/SDKs/MacOSX11.1.sdk   -o CMakeFiles/cmTC_10bc4.dir/CheckSymbolExists.c.o   -c /Users/tedkleinbergman/Programming/DH2323-Computer-Graphics/cmake-build-debug/CMakeFiles/CMakeTmp/CheckSymbolExists.c
/Users/tedkleinbergman/Programming/DH2323-Computer-Graphics/cmake-build-debug/CMakeFiles/CMakeTmp/CheckSymbolExists.c:2:10: fatal error: 'sys/auxv.h' file not found
#include <sys/auxv.h>
         ^~~~~~~~~~~~
1 error generated.
make[1]: *** [CMakeFiles/cmTC_10bc4.dir/CheckSymbolExists.c.o] Error 1
make: *** [cmTC_10bc4/fast] Error 2


File /Users/tedkleinbergman/Programming/DH2323-Computer-Graphics/cmake-build-debug/CMakeFiles/CMakeTmp/CheckSymbolExists.c:
/* */
#include <sys/auxv.h>

int main(int argc, char** argv)
{
  (void)argv;
#ifndef getauxval
  return ((int*)(&getauxval))[argc];
#else
  (void)argc;
  return 0;
#endif
}
Determining if the elf_aux_info exist failed with the following output:
Change Dir: /Users/tedkleinbergman/Programming/DH2323-Computer-Graphics/cmake-build-debug/CMakeFiles/CMakeTmp

Run Build Command(s):/usr/bin/make cmTC_106d5/fast && /Applications/Xcode.app/Contents/Developer/usr/bin/make  -f CMakeFiles/cmTC_106d5.dir/build.make CMakeFiles/cmTC_106d5.dir/build
Building C object CMakeFiles/cmTC_106d5.dir/CheckSymbolExists.c.o
/Applications/Xcode.app/Contents/Developer/Toolchains/XcodeDefault.xctoolchain/usr/bin/cc   -idirafter "/Users/tedkleinbergman/Programming/DH2323-Computer-Graphics/libraries/SDL2-2.0.14/src/video/khronos"  -isysroot /Applications/Xcode.app/Contents/Developer/Platforms/MacOSX.platform/Developer/SDKs/MacOSX11.1.sdk   -o CMakeFiles/cmTC_106d5.dir/CheckSymbolExists.c.o   -c /Users/tedkleinbergman/Programming/DH2323-Computer-Graphics/cmake-build-debug/CMakeFiles/CMakeTmp/CheckSymbolExists.c
/Users/tedkleinbergman/Programming/DH2323-Computer-Graphics/cmake-build-debug/CMakeFiles/CMakeTmp/CheckSymbolExists.c:2:10: fatal error: 'sys/auxv.h' file not found
#include <sys/auxv.h>
         ^~~~~~~~~~~~
1 error generated.
make[1]: *** [CMakeFiles/cmTC_106d5.dir/CheckSymbolExists.c.o] Error 1
make: *** [cmTC_106d5/fast] Error 2


File /Users/tedkleinbergman/Programming/DH2323-Computer-Graphics/cmake-build-debug/CMakeFiles/CMakeTmp/CheckSymbolExists.c:
/* */
#include <sys/auxv.h>

int main(int argc, char** argv)
{
  (void)argv;
#ifndef elf_aux_info
  return ((int*)(&elf_aux_info))[argc];
#else
  (void)argc;
  return 0;
#endif
}
Determining if the function iconv_open exists in the c failed with the following output:
Change Dir: /Users/tedkleinbergman/Programming/DH2323-Computer-Graphics/cmake-build-debug/CMakeFiles/CMakeTmp

Run Build Command(s):/usr/bin/make cmTC_93b32/fast && /Applications/Xcode.app/Contents/Developer/usr/bin/make  -f CMakeFiles/cmTC_93b32.dir/build.make CMakeFiles/cmTC_93b32.dir/build
Building C object CMakeFiles/cmTC_93b32.dir/CheckFunctionExists.c.o
/Applications/Xcode.app/Contents/Developer/Toolchains/XcodeDefault.xctoolchain/usr/bin/cc   -idirafter "/Users/tedkleinbergman/Programming/DH2323-Computer-Graphics/libraries/SDL2-2.0.14/src/video/khronos" -DCHECK_FUNCTION_EXISTS=iconv_open -isysroot /Applications/Xcode.app/Contents/Developer/Platforms/MacOSX.platform/Developer/SDKs/MacOSX11.1.sdk   -o CMakeFiles/cmTC_93b32.dir/CheckFunctionExists.c.o   -c /Applications/CLion.app/Contents/bin/cmake/mac/share/cmake-3.17/Modules/CheckFunctionExists.c
Linking C executable cmTC_93b32
/Applications/CLion.app/Contents/bin/cmake/mac/bin/cmake -E cmake_link_script CMakeFiles/cmTC_93b32.dir/link.txt --verbose=1
/Applications/Xcode.app/Contents/Developer/Toolchains/XcodeDefault.xctoolchain/usr/bin/cc  -idirafter "/Users/tedkleinbergman/Programming/DH2323-Computer-Graphics/libraries/SDL2-2.0.14/src/video/khronos" -DCHECK_FUNCTION_EXISTS=iconv_open -isysroot /Applications/Xcode.app/Contents/Developer/Platforms/MacOSX.platform/Developer/SDKs/MacOSX11.1.sdk -Wl,-search_paths_first -Wl,-headerpad_max_install_names   CMakeFiles/cmTC_93b32.dir/CheckFunctionExists.c.o  -o cmTC_93b32  -lc 
Undefined symbols for architecture x86_64:
  "_iconv_open", referenced from:
      _main in CheckFunctionExists.c.o
ld: symbol(s) not found for architecture x86_64
clang: error: linker command failed with exit code 1 (use -v to see invocation)
make[1]: *** [cmTC_93b32] Error 1
make: *** [cmTC_93b32/fast] Error 2



Performing C SOURCE FILE Test HAVE_SEM_TIMEDWAIT failed with the following output:
Change Dir: /Users/tedkleinbergman/Programming/DH2323-Computer-Graphics/cmake-build-debug/CMakeFiles/CMakeTmp

Run Build Command(s):/usr/bin/make cmTC_9bc06/fast && /Applications/Xcode.app/Contents/Developer/usr/bin/make  -f CMakeFiles/cmTC_9bc06.dir/build.make CMakeFiles/cmTC_9bc06.dir/build
Building C object CMakeFiles/cmTC_9bc06.dir/src.c.o
/Applications/Xcode.app/Contents/Developer/Toolchains/XcodeDefault.xctoolchain/usr/bin/cc   -idirafter "/Users/tedkleinbergman/Programming/DH2323-Computer-Graphics/libraries/SDL2-2.0.14/src/video/khronos" -DHAVE_SEM_TIMEDWAIT  -D_THREAD_SAFE -isysroot /Applications/Xcode.app/Contents/Developer/Platforms/MacOSX.platform/Developer/SDKs/MacOSX11.1.sdk   -o CMakeFiles/cmTC_9bc06.dir/src.c.o   -c /Users/tedkleinbergman/Programming/DH2323-Computer-Graphics/cmake-build-debug/CMakeFiles/CMakeTmp/src.c
/Users/tedkleinbergman/Programming/DH2323-Computer-Graphics/cmake-build-debug/CMakeFiles/CMakeTmp/src.c:5:19: error: implicit declaration of function 'sem_timedwait' is invalid in C99 [-Werror,-Wimplicit-function-declaration]
                  sem_timedwait(NULL, NULL);
                  ^
/Users/tedkleinbergman/Programming/DH2323-Computer-Graphics/cmake-build-debug/CMakeFiles/CMakeTmp/src.c:5:19: note: did you mean 'sem_trywait'?
/Applications/Xcode.app/Contents/Developer/Platforms/MacOSX.platform/Developer/SDKs/MacOSX11.1.sdk/usr/include/sys/semaphore.h:58:5: note: 'sem_trywait' declared here
int sem_trywait(sem_t *);
    ^
1 error generated.
make[1]: *** [CMakeFiles/cmTC_9bc06.dir/src.c.o] Error 1
make: *** [cmTC_9bc06/fast] Error 2


Source file was:

              #include <pthread.h>
              #include <semaphore.h>
              int main(int argc, char **argv) {
                  sem_timedwait(NULL, NULL);
                  return 0;
              }
Determining if files pthread_np.h exist failed with the following output:
Change Dir: /Users/tedkleinbergman/Programming/DH2323-Computer-Graphics/cmake-build-debug/CMakeFiles/CMakeTmp

Run Build Command(s):/usr/bin/make cmTC_eea9e/fast && /Applications/Xcode.app/Contents/Developer/usr/bin/make  -f CMakeFiles/cmTC_eea9e.dir/build.make CMakeFiles/cmTC_eea9e.dir/build
Building C object CMakeFiles/cmTC_eea9e.dir/HAVE_PTHREAD_NP_H.c.o
/Applications/Xcode.app/Contents/Developer/Toolchains/XcodeDefault.xctoolchain/usr/bin/cc   -idirafter "/Users/tedkleinbergman/Programming/DH2323-Computer-Graphics/libraries/SDL2-2.0.14/src/video/khronos"  -D_THREAD_SAFE -isysroot /Applications/Xcode.app/Contents/Developer/Platforms/MacOSX.platform/Developer/SDKs/MacOSX11.1.sdk   -o CMakeFiles/cmTC_eea9e.dir/HAVE_PTHREAD_NP_H.c.o   -c /Users/tedkleinbergman/Programming/DH2323-Computer-Graphics/cmake-build-debug/CMakeFiles/CheckIncludeFiles/HAVE_PTHREAD_NP_H.c
/Users/tedkleinbergman/Programming/DH2323-Computer-Graphics/cmake-build-debug/CMakeFiles/CheckIncludeFiles/HAVE_PTHREAD_NP_H.c:2:10: fatal error: 'pthread_np.h' file not found
#include <pthread_np.h>
         ^~~~~~~~~~~~~~
1 error generated.
make[1]: *** [CMakeFiles/cmTC_eea9e.dir/HAVE_PTHREAD_NP_H.c.o] Error 1
make: *** [cmTC_eea9e/fast] Error 2


Source:
/* */
#include <pthread_np.h>


int main(void){return 0;}

